<?xml version="1.0" encoding="UTF-8"?>
<testng-results ignored="0" total="1" passed="1" failed="0" skipped="0">
  <reporter-output>
  </reporter-output>
  <suite started-at="2022-09-26T00:31:20 IST" name="Default suite" finished-at="2022-09-26T00:31:31 IST" duration-ms="10858">
    <groups>
    </groups>
    <test started-at="2022-09-26T00:31:20 IST" name="Default test" finished-at="2022-09-26T00:31:31 IST" duration-ms="10858">
      <class name="com.Test.KeyWordTest">
        <test-method signature="LoginTest()[pri:0, instance:com.Test.KeyWordTest@793f29ff]" started-at="2022-09-26T00:31:20 IST" name="LoginTest" finished-at="2022-09-26T00:31:31 IST" duration-ms="10759" status="PASS">
          <reporter-output>
          </reporter-output>
        </test-method> <!-- LoginTest -->
      </class> <!-- com.Test.KeyWordTest -->
    </test> <!-- Default test -->
  </suite> <!-- Default suite -->
</testng-results>
